<?xml version="1.0" encoding="UTF-8"?>
<!-- Generated by org.testng.reporters.JUnitReportReporter -->
<testsuite hostname="rle0468" name="example.NewTest" tests="1" failures="0" timestamp="5 Dec 2017 07:44:11 GMT" time="12.903" errors="0">
  <testcase name="f" time="12.903" classname="example.NewTest"/>
</testsuite> <!-- example.NewTest -->
