<?xml version="1.0" encoding="UTF-8"?>
<!-- Generated by org.testng.reporters.JUnitReportReporter -->
<testsuite hostname="rle0468" name="example.NewTest" tests="1" failures="0" timestamp="5 Dec 2017 09:07:52 GMT" time="14.083" errors="0">
  <testcase name="f" time="14.083" classname="example.NewTest"/>
</testsuite> <!-- example.NewTest -->
